DEBUG typeOf(entry=   4f1b4 attr=Type) e.Val=4f2db
DEBUG typecache miss 4f2db
DEBUG seek 4f2db -> "cmd/compile/internal/ssa.Block" Typedef
DEBUG typedef [   4f2db] 0xc0021bf740 RefrectKind:invalid
DEBUG typedef [   4f2db] 0xc0021bf740 Name:"cmd/compile/internal/ssa.Block", e.AttrType:4f1e2(dwarf.Offset)
DEBUG typeOf(entry=   4f2db attr=Type) e.Val=4f1e2
DEBUG typecache miss 4f1e2
DEBUG seek 4f1e2 -> "cmd/compile/internal/ssa.Block" StructType
DEBUG typeOf(entry=   4f20d, attr=Type) e.Val=4f12d, entry.Name="ID"
DEBUG typeOf(entry=   4f217, attr=Type) e.Val=41d38, entry.Name="Pos"
DEBUG typeOf(entry=   4f222, attr=Type) e.Val=4ed9d, entry.Name="Kind"
DEBUG typeOf(entry=   4f22e, attr=Type) e.Val=4ec4c, entry.Name="Likely"
DEBUG typeOf(entry=   4f23c, attr=Type) e.Val=2fab0, entry.Name="FlagsLiveAtEnd"
DEBUG typeOf(entry=   4f252, attr=Type) e.Val=4f2ff, entry.Name="Succs"
DEBUG typeOf(entry=   4f2ff, attr=Attr(10498)) e.Val=4f191, entry.Name="[]cmd/compile/internal/ssa.Edge"
DEBUG typeOf(entry=   4f191, attr=Type) e.Val=4f155, entry.Name="cmd/compile/internal/ssa.Edge"
DEBUG typeOf(entry=   4f17e, attr=Type) e.Val=4f1b4, entry.Name="b"
DEBUG typeOf(entry=   4f187, attr=Type) e.Val=30099, entry.Name="i"
DEBUG typeOf(entry=   4f32e, attr=Type) e.Val=557db, entry.Name="array"
DEBUG typeOf(entry=   557db, attr=Type) e.Val=4f191, entry.Name="*cmd/compile/internal/ssa.Edge"
DEBUG typeOf(entry=   4f33b, attr=Type) e.Val=30099, entry.Name="len"
DEBUG typeOf(entry=   4f346, attr=Type) e.Val=30099, entry.Name="cap"
DEBUG typeOf(entry=   4f25f, attr=Type) e.Val=4f2ff, entry.Name="Preds"
DEBUG typeOf(entry=   4f26c, attr=Type) e.Val=4f352, entry.Name="Control"
DEBUG typeOf(entry=   4f352, attr=Type) e.Val=4f439, entry.Name="*cmd/compile/internal/ssa.Value"
DEBUG typeOf(entry=   4f439, attr=Type) e.Val=4f380, entry.Name="cmd/compile/internal/ssa.Value"
DEBUG typeOf(entry=   4f3aa, attr=Type) e.Val=4f12d, entry.Name="ID"
DEBUG typeOf(entry=   4f3b4, attr=Type) e.Val=4edcc, entry.Name="Op"
DEBUG typeOf(entry=   4f3be, attr=Type) e.Val=44f33, entry.Name="Type"
DEBUG typeOf(entry=   4f3ca, attr=Type) e.Val=305e7, entry.Name="AuxInt"
DEBUG typeOf(entry=   4f3d8, attr=Type) e.Val=31500, entry.Name="Aux"
DEBUG typeOf(entry=   4f3e3, attr=Type) e.Val=4f45d, entry.Name="Args"
DEBUG typeOf(entry=   4f45d, attr=Attr(10498)) e.Val=4f352, entry.Name="[]*cmd/compile/internal/ssa.Value"
DEBUG typeOf(entry=   4f48e, attr=Type) e.Val=551aa, entry.Name="array"
DEBUG typeOf(entry=   551aa, attr=Type) e.Val=4f352, entry.Name="**cmd/compile/internal/ssa.Value"
DEBUG typeOf(entry=   4f49b, attr=Type) e.Val=30099, entry.Name="len"
DEBUG typeOf(entry=   4f4a6, attr=Type) e.Val=30099, entry.Name="cap"
DEBUG typeOf(entry=   4f3ef, attr=Type) e.Val=4f1b4, entry.Name="Block"
DEBUG typeOf(entry=   4f3fc, attr=Type) e.Val=41d38, entry.Name="Pos"
DEBUG typeOf(entry=   4f407, attr=Type) e.Val=30781, entry.Name="Uses"
DEBUG typeOf(entry=   4f413, attr=Type) e.Val=2fab0, entry.Name="OnWasmStack"
DEBUG typeOf(entry=   4f426, attr=Type) e.Val=4f4b2, entry.Name="argstorage"
DEBUG typeOf(entry=   4f4b2, attr=Type) e.Val=4f352, entry.Name="[3]*cmd/compile/internal/ssa.Value"
DEBUG typeOf(entry=   4f27b, attr=Type) e.Val=31500, entry.Name="Aux"
DEBUG typeOf(entry=   4f286, attr=Type) e.Val=4f45d, entry.Name="Values"
DEBUG typeOf(entry=   4f294, attr=Type) e.Val=4f4eb, entry.Name="Func"
DEBUG typeOf(entry=   4f4eb, attr=Type) e.Val=4f72d, entry.Name="*cmd/compile/internal/ssa.Func"
DEBUG typeOf(entry=   4f72d, attr=Type) e.Val=4f518, entry.Name="cmd/compile/internal/ssa.Func"
DEBUG typeOf(entry=   4f542, attr=Type) e.Val=4f750, entry.Name="Config"
DEBUG typeOf(entry=   4f750, attr=Type) e.Val=4f95a, entry.Name="*cmd/compile/internal/ssa.Config"
DEBUG typeOf(entry=   4f95a, attr=Type) e.Val=4f77f, entry.Name="cmd/compile/internal/ssa.Config"
DEBUG typeOf(entry=   4f7ab, attr=Type) e.Val=300a9, entry.Name="arch"
DEBUG typeOf(entry=   4f7b7, attr=Type) e.Val=305e7, entry.Name="PtrSize"
DEBUG typeOf(entry=   4f7c6, attr=Type) e.Val=305e7, entry.Name="RegSize"
DEBUG typeOf(entry=   4f7d5, attr=Type) e.Val=4fb00, entry.Name="Types"
DEBUG typeOf(entry=   4fb00, attr=Type) e.Val=4f97f, entry.Name="cmd/compile/internal/ssa.Types"
DEBUG typeOf(entry=   4f9aa, attr=Type) e.Val=44f33, entry.Name="Bool"
DEBUG typeOf(entry=   4f9b6, attr=Type) e.Val=44f33, entry.Name="Int8"
DEBUG typeOf(entry=   4f9c2, attr=Type) e.Val=44f33, entry.Name="Int16"
DEBUG typeOf(entry=   4f9cf, attr=Type) e.Val=44f33, entry.Name="Int32"
DEBUG typeOf(entry=   4f9dc, attr=Type) e.Val=44f33, entry.Name="Int64"
DEBUG typeOf(entry=   4f9e9, attr=Type) e.Val=44f33, entry.Name="UInt8"
DEBUG typeOf(entry=   4f9f6, attr=Type) e.Val=44f33, entry.Name="UInt16"
DEBUG typeOf(entry=   4fa04, attr=Type) e.Val=44f33, entry.Name="UInt32"
DEBUG typeOf(entry=   4fa12, attr=Type) e.Val=44f33, entry.Name="UInt64"
DEBUG typeOf(entry=   4fa20, attr=Type) e.Val=44f33, entry.Name="Int"
DEBUG typeOf(entry=   4fa2b, attr=Type) e.Val=44f33, entry.Name="Float32"
DEBUG typeOf(entry=   4fa3a, attr=Type) e.Val=44f33, entry.Name="Float64"
DEBUG typeOf(entry=   4fa49, attr=Type) e.Val=44f33, entry.Name="UInt"
DEBUG typeOf(entry=   4fa55, attr=Type) e.Val=44f33, entry.Name="Uintptr"
DEBUG typeOf(entry=   4fa64, attr=Type) e.Val=44f33, entry.Name="String"
DEBUG typeOf(entry=   4fa72, attr=Type) e.Val=44f33, entry.Name="BytePtr"
DEBUG typeOf(entry=   4fa81, attr=Type) e.Val=44f33, entry.Name="Int32Ptr"
DEBUG typeOf(entry=   4fa92, attr=Type) e.Val=44f33, entry.Name="UInt32Ptr"
DEBUG typeOf(entry=   4faa4, attr=Type) e.Val=44f33, entry.Name="IntPtr"
DEBUG typeOf(entry=   4fab3, attr=Type) e.Val=44f33, entry.Name="UintptrPtr"
DEBUG typeOf(entry=   4fac6, attr=Type) e.Val=44f33, entry.Name="Float32Ptr"
DEBUG typeOf(entry=   4fad9, attr=Type) e.Val=44f33, entry.Name="Float64Ptr"
DEBUG typeOf(entry=   4faec, attr=Type) e.Val=44f33, entry.Name="BytePtrPtr"
DEBUG typeOf(entry=   4f7e2, attr=Type) e.Val=4fb61, entry.Name="lowerBlock"
DEBUG typeOf(entry=   4fb61, attr=Type) e.Val=4fb24, entry.Name="cmd/compile/internal/ssa.blockRewriter"
DEBUG typeOf(entry=   4fb56, attr=Type) e.Val=4f1b4, entry.Name=%!q(<nil>)
DEBUG typeOf(entry=   4fb5b, attr=Type) e.Val=2fac1, entry.Name=%!q(<nil>)
DEBUG typeOf(entry=   4f7f5, attr=Type) e.Val=4fbca, entry.Name="lowerValue"
DEBUG typeOf(entry=   4fbca, attr=Type) e.Val=4fb8d, entry.Name="cmd/compile/internal/ssa.valueRewriter"
DEBUG typeOf(entry=   4fbbf, attr=Type) e.Val=4f352, entry.Name=%!q(<nil>)
DEBUG typeOf(entry=   4fbc4, attr=Type) e.Val=2fac1, entry.Name=%!q(<nil>)
DEBUG typeOf(entry=   4f808, attr=Type) e.Val=4fbf6, entry.Name="registers"
DEBUG typeOf(entry=   4fbf6, attr=Attr(10498)) e.Val=4fcad, entry.Name="[]cmd/compile/internal/ssa.Register"
DEBUG typeOf(entry=   4fcad, attr=Type) e.Val=4fc4d, entry.Name="cmd/compile/internal/ssa.Register"
DEBUG typeOf(entry=   4fc7a, attr=Type) e.Val=30781, entry.Name="num"
DEBUG typeOf(entry=   4fc85, attr=Type) e.Val=33456, entry.Name="objNum"
DEBUG typeOf(entry=   4fc93, attr=Type) e.Val=33456, entry.Name="gcNum"
DEBUG typeOf(entry=   4fca0, attr=Type) e.Val=300a9, entry.Name="name"
DEBUG typeOf(entry=   4fc29, attr=Type) e.Val=4fd59, entry.Name="array"
DEBUG typeOf(entry=   4fd59, attr=Type) e.Val=4fcad, entry.Name="*cmd/compile/internal/ssa.Register"
DEBUG typeOf(entry=   4fc36, attr=Type) e.Val=30099, entry.Name="len"
DEBUG typeOf(entry=   4fc41, attr=Type) e.Val=30099, entry.Name="cap"
DEBUG typeOf(entry=   4f81a, attr=Type) e.Val=4fcd4, entry.Name="gpRegMask"
DEBUG typeOf(entry=   4f82c, attr=Type) e.Val=4fcd4, entry.Name="fpRegMask"
DEBUG typeOf(entry=   4f83e, attr=Type) e.Val=4fcd4, entry.Name="specialRegMask"
DEBUG typeOf(entry=   4f855, attr=Type) e.Val=4fd01, entry.Name="GCRegMap"
DEBUG typeOf(entry=   4fd01, attr=Attr(10498)) e.Val=4fd59, entry.Name="[]*cmd/compile/internal/ssa.Register"
DEBUG typeOf(entry=   4fd35, attr=Type) e.Val=8b949, entry.Name="array"
DEBUG typeOf(entry=   8b949, attr=Type) e.Val=4fd59, entry.Name="**cmd/compile/internal/ssa.Register"
DEBUG typeOf(entry=   4fd42, attr=Type) e.Val=30099, entry.Name="len"
DEBUG typeOf(entry=   4fd4d, attr=Type) e.Val=30099, entry.Name="cap"
DEBUG typeOf(entry=   4f866, attr=Type) e.Val=30d16, entry.Name="FPReg"
DEBUG typeOf(entry=   4f874, attr=Type) e.Val=30d16, entry.Name="LinkReg"
DEBUG typeOf(entry=   4f884, attr=Type) e.Val=2fab0, entry.Name="hasGReg"
DEBUG typeOf(entry=   4f894, attr=Type) e.Val=430a3, entry.Name="ctxt"
DEBUG typeOf(entry=   4f8a1, attr=Type) e.Val=2fab0, entry.Name="optimize"
DEBUG typeOf(entry=   4f8b2, attr=Type) e.Val=2fab0, entry.Name="noDuffDevice"
DEBUG typeOf(entry=   4f8c7, attr=Type) e.Val=2fab0, entry.Name="useSSE"
DEBUG typeOf(entry=   4f8d6, attr=Type) e.Val=2fab0, entry.Name="useAvg"
DEBUG typeOf(entry=   4f8e5, attr=Type) e.Val=2fab0, entry.Name="useHmul"
DEBUG typeOf(entry=   4f8f5, attr=Type) e.Val=2fab0, entry.Name="nacl"
DEBUG typeOf(entry=   4f902, attr=Type) e.Val=2fab0, entry.Name="use387"
DEBUG typeOf(entry=   4f911, attr=Type) e.Val=2fab0, entry.Name="SoftFloat"
DEBUG typeOf(entry=   4f923, attr=Type) e.Val=2fab0, entry.Name="Race"
DEBUG typeOf(entry=   4f930, attr=Type) e.Val=2fab0, entry.Name="NeedsFpScratch"
DEBUG typeOf(entry=   4f947, attr=Type) e.Val=2fab0, entry.Name="BigEndian"
DEBUG typeOf(entry=   4f550, attr=Type) e.Val=4fd8a, entry.Name="Cache"
DEBUG typeOf(entry=   4fd8a, attr=Type) e.Val=4febf, entry.Name="*cmd/compile/internal/ssa.Cache"
DEBUG typeOf(entry=   4febf, attr=Type) e.Val=4fdb8, entry.Name="cmd/compile/internal/ssa.Cache"
DEBUG typeOf(entry=   4fde4, attr=Type) e.Val=4fee3, entry.Name="values"
DEBUG typeOf(entry=   4fee3, attr=Type) e.Val=4f439, entry.Name="[2000]cmd/compile/internal/ssa.Value"
DEBUG typeOf(entry=   4fdf2 attr=Type) e.Val=4ff21
DEBUG typecache miss 4ff21
DEBUG seek 4ff21 -> "[200]cmd/compile/internal/ssa.Block" ArrayType
DEBUG typeOf(entry=   4ff21 attr=Type) e.Val=4f2db
DEBUG typecache hit  4f2db
DEBUG [   4ff21] arrayType.Type=*godwarf.TypedefType(0xc0021bf740, off=4f2db) arrayType="[200]cmd/compile/internal/ssa.Block"
t.Type is nil *godwarf.TypedefType(0xc0021bf740) name:"cmd/compile/internal/ssa.Block"
> cmd/compile/internal/gc.Main() /home/osamu_nakamura/go/src/cmd/compile/internal/gc/main.go:138 (hits goroutine(1):1 total:1) (PC: 0xf832d7)
init.dlv:3: Internal debugger error: runtime error: invalid memory address or nil pointer dereference
runtime.gopanic (0x42d6a4)
	/home/osamu_nakamura/go/src/runtime/panic.go:522
runtime.panicmem (0x442740)
	/home/osamu_nakamura/go/src/runtime/panic.go:82
runtime.sigpanic (0x44256f)
	/home/osamu_nakamura/go/src/runtime/signal_unix.go:390
github.com/go-delve/delve/pkg/dwarf/godwarf.(*TypedefType).sizeIntl (0x678468)
	/home/osamu_nakamura/.local/go/src/github.com/go-delve/delve/pkg/dwarf/godwarf/type.go:441
github.com/go-delve/delve/pkg/dwarf/godwarf.(*TypedefType).Size (0x6783a8)
	/home/osamu_nakamura/.local/go/src/github.com/go-delve/delve/pkg/dwarf/godwarf/type.go:430
github.com/go-delve/delve/pkg/dwarf/godwarf.readType (0x67b05a)
	/home/osamu_nakamura/.local/go/src/github.com/go-delve/delve/pkg/dwarf/godwarf/type.go:624
github.com/go-delve/delve/pkg/dwarf/godwarf.readType.func2 (0x67d3f6)
	/home/osamu_nakamura/.local/go/src/github.com/go-delve/delve/pkg/dwarf/godwarf/type.go:582
